2025-05-09T08:00:49.460 INFO [acsStartContainer] Running the container with these arguments: 'ACSStartContainerPy pySimContainer -ORBendPoint giop:tcp:172.20.0.2:4000 -m corbaloc::172.20.0.2:3000/Manager'
ContainerStatusMsg: Startup begins
2025-05-09T08:00:49.664 AlarmSystemInterfaceFactory logDebug - Using ACS alarm system
ContainerStatusMsg: ORB initialization begins
ContainerStatusMsg: ORB initialization ends
ContainerStatusMsg: Manager access initialization begins
ContainerStatusMsg: Manager access initialization ends
ContainerStatusMsg: Automatic component loading begins
2025-05-09T08:00:49.678 pySimContainer logInfo - Info message from the manager: Startup statistics: 0 components queued to be activated.
2025-05-09T08:00:49.683 pySimContainer logInfo - Info message from the manager: Startup statistics: 0 of 0 components activated.
ContainerStatusMsg: Automatic component loading ends
ContainerStatusMsg: Ready
2025-05-09T08:00:49.748 pySimContainer logAlert - The 'baci' Python script specified by this container's CDB Autoload element cannot be found!
2025-05-09T08:00:49.786 pySimContainer logInfo - Container pySimContainer waiting for requests
2025-05-09T08:00:49.788 pySimContainer logInfo - Container pySimContainer used libraries from /alma/ACS-2025APR/ACSSW/lib/python3.12/site-packages:
ContainerStatusMsg: Startup ends
2025-05-09T08:01:22.139 pySimContainer logDelouse - Starting async activation of TELESCOPE_S(type IDL:acsws/TELESCOPE_MODULE/Telescope:1.0)
2025-05-09T08:01:22.141 pySimContainer logDebug - Activating TELESCOPE_S (type IDL:acsws/TELESCOPE_MODULE/Telescope:1.0)
2025-05-09T08:01:22.142 pySimContainer logDelouse - The container is asking the clearance to activate TELESCOPE_S
2025-05-09T08:01:22.143 pySimContainer logDelouse - The container is not dealing with TELESCOPE_S: the operation can go ahead
2025-05-09T08:01:22.143 pySimContainer logDelouse - The container has been cleared to activate TELESCOPE_S
2025-05-09T08:01:22.203 loggingts -- Successfully loaded component code. [ logName=LOG_CompAct_Loading_OK TimeMillis=58 CompName=TELESCOPE_S ]
2025-05-09T08:01:22.213 loggingts -- Successfully instantiated component. [ logName=LOG_CompAct_Instance_OK TimeMillis=8 CompName=TELESCOPE_S ]
2025-05-09T08:01:22.275 Servants.Representations.Dynamic.Dynamic'>(TELESCOPE_S) logDebug - Simulated lifecyle method
2025-05-09T08:01:22.276 Servants.Executor logDebug - initialize return value looks like:None of type:<class 'NoneType'>
2025-05-09T08:01:22.277 EventDispatcher (TELESCOPE_S) logInfo - Setting up event dispatching.
2025-05-09T08:01:22.278 EventDispatcher (TELESCOPE_S) logDebug - No CDB entry found. Bailing.
2025-05-09T08:01:22.283 loggingts -- Successfully activated component with Corba. [ logName=LOG_CompAct_Corba_OK TimeMillis=0 CompName=TELESCOPE_S ]
2025-05-09T08:01:22.283 loggingts -- Successfully initialized component. [ logName=LOG_CompAct_Init_OK TimeMillis=0 CompName=TELESCOPE_S ]
2025-05-09T08:01:22.284 pySimContainer logInfo - Activated component: TELESCOPE_S
2025-05-09T08:01:22.293 pySimContainer logInfo - Component 'TELESCOPE_S' has KeepAliveTime '0'.
2025-05-09T08:01:22.294 pySimContainer logDelouse - The container terminated the activation of TELESCOPE_S: awakening waiting threads
2025-05-09T08:01:22.294 pySimContainer logDelouse - The container terminated dealing with TELESCOPE_S
2025-05-09T08:01:22.295 pySimContainer logDelouse - Calling maci::CBComponentInfo::done with descOut.id_tag = 1 for 'TELESCOPE_S'
2025-05-09T08:01:22.300 pySimContainer logDelouse - Call to maci::CBComponentInfo::done with descOut.id_tag = 1 for 'TELESCOPE_S' completed
2025-05-09T08:01:27.690 Servants.Representations.Dynamic.Dynamic'>(TELESCOPE_S) logDebug - Method:getCurrentPosition
2025-05-09T08:01:27.695 Servants.Representations.Dynamic.Dynamic'>(TELESCOPE_S) logDebug - retVal looks like:getCurrentPosition {'Value': [TYPES.Position(az=-28028600.0, el=-3169570.0)], 'Timeout': 0.2, 'Type': 'TypeCodes'}
2025-05-09T08:01:27.896 Servants.Executor logDebug - getCurrentPosition return value looks like:TYPES.Position(az=-28028600.0, el=-3169570.0) of type:<class 'TYPES.Position'>
2025-05-09T08:01:35.992 pySimContainer logDelouse - Starting async activation of INSTRUMENT_S(type IDL:acsws/INSTRUMENT_MODULE/Instrument:1.0)
2025-05-09T08:01:35.993 pySimContainer logDebug - Activating INSTRUMENT_S (type IDL:acsws/INSTRUMENT_MODULE/Instrument:1.0)
2025-05-09T08:01:35.993 pySimContainer logDelouse - The container is asking the clearance to activate INSTRUMENT_S
2025-05-09T08:01:35.994 pySimContainer logDelouse - The container is not dealing with INSTRUMENT_S: the operation can go ahead
2025-05-09T08:01:35.995 pySimContainer logDelouse - The container has been cleared to activate INSTRUMENT_S
2025-05-09T08:01:35.995 loggingts -- Successfully loaded component code. [ logName=LOG_CompAct_Loading_OK TimeMillis=0 CompName=INSTRUMENT_S ]
2025-05-09T08:01:36.003 loggingts -- Successfully instantiated component. [ logName=LOG_CompAct_Instance_OK TimeMillis=6 CompName=INSTRUMENT_S ]
2025-05-09T08:01:36.037 Servants.Representations.Dynamic.Dynamic'>(INSTRUMENT_S) logDebug - Simulated lifecyle method
2025-05-09T08:01:36.038 Servants.Executor logDebug - initialize return value looks like:None of type:<class 'NoneType'>
2025-05-09T08:01:36.039 EventDispatcher (INSTRUMENT_S) logInfo - Setting up event dispatching.
2025-05-09T08:01:36.040 EventDispatcher (INSTRUMENT_S) logDebug - No CDB entry found. Bailing.
2025-05-09T08:01:36.045 loggingts -- Successfully activated component with Corba. [ logName=LOG_CompAct_Corba_OK TimeMillis=0 CompName=INSTRUMENT_S ]
2025-05-09T08:01:36.046 loggingts -- Successfully initialized component. [ logName=LOG_CompAct_Init_OK TimeMillis=0 CompName=INSTRUMENT_S ]
2025-05-09T08:01:36.047 pySimContainer logInfo - Activated component: INSTRUMENT_S
2025-05-09T08:01:36.054 pySimContainer logInfo - Component 'INSTRUMENT_S' has KeepAliveTime '0'.
2025-05-09T08:01:36.055 pySimContainer logDelouse - The container terminated the activation of INSTRUMENT_S: awakening waiting threads
2025-05-09T08:01:36.056 pySimContainer logDelouse - The container terminated dealing with INSTRUMENT_S
2025-05-09T08:01:36.057 pySimContainer logDelouse - Calling maci::CBComponentInfo::done with descOut.id_tag = 2 for 'INSTRUMENT_S'
2025-05-09T08:01:36.059 pySimContainer logDelouse - Call to maci::CBComponentInfo::done with descOut.id_tag = 2 for 'INSTRUMENT_S' completed
2025-05-09T08:01:43.704 Servants.Representations.Dynamic.Dynamic'>(INSTRUMENT_S) logDebug - Method:cameraOn
2025-05-09T08:01:43.705 Servants.Representations.Dynamic.Dynamic'>(INSTRUMENT_S) logDebug - retVal looks like:cameraOn {'Value': [None], 'Timeout': 0.2, 'Type': 'TypeCodes'}
2025-05-09T08:01:43.906 Servants.Executor logDebug - cameraOn return value looks like:None of type:<class 'NoneType'>
2025-05-09T08:01:52.265 pySimContainer logDelouse - Starting async activation of SCHEDULER_S(type IDL:acsws/SCHEDULER_MODULE/Scheduler:1.0)
2025-05-09T08:01:52.266 pySimContainer logDebug - Activating SCHEDULER_S (type IDL:acsws/SCHEDULER_MODULE/Scheduler:1.0)
2025-05-09T08:01:52.267 pySimContainer logDelouse - The container is asking the clearance to activate SCHEDULER_S
2025-05-09T08:01:52.267 pySimContainer logDelouse - The container is not dealing with SCHEDULER_S: the operation can go ahead
2025-05-09T08:01:52.268 pySimContainer logDelouse - The container has been cleared to activate SCHEDULER_S
2025-05-09T08:01:52.269 loggingts -- Successfully loaded component code. [ logName=LOG_CompAct_Loading_OK TimeMillis=0 CompName=SCHEDULER_S ]
2025-05-09T08:01:52.279 loggingts -- Successfully instantiated component. [ logName=LOG_CompAct_Instance_OK TimeMillis=6 CompName=SCHEDULER_S ]
2025-05-09T08:01:52.313 Servants.Representations.Dynamic.Dynamic'>(SCHEDULER_S) logDebug - Simulated lifecyle method
2025-05-09T08:01:52.314 Servants.Executor logDebug - initialize return value looks like:None of type:<class 'NoneType'>
2025-05-09T08:01:52.315 EventDispatcher (SCHEDULER_S) logInfo - Setting up event dispatching.
2025-05-09T08:01:52.317 EventDispatcher (SCHEDULER_S) logDebug - No CDB entry found. Bailing.
2025-05-09T08:01:52.322 loggingts -- Successfully activated component with Corba. [ logName=LOG_CompAct_Corba_OK TimeMillis=0 CompName=SCHEDULER_S ]
2025-05-09T08:01:52.322 loggingts -- Successfully initialized component. [ logName=LOG_CompAct_Init_OK TimeMillis=0 CompName=SCHEDULER_S ]
2025-05-09T08:01:52.324 pySimContainer logInfo - Activated component: SCHEDULER_S
2025-05-09T08:01:52.330 pySimContainer logInfo - Component 'SCHEDULER_S' has KeepAliveTime '0'.
2025-05-09T08:01:52.331 pySimContainer logDelouse - The container terminated the activation of SCHEDULER_S: awakening waiting threads
2025-05-09T08:01:52.332 pySimContainer logDelouse - The container terminated dealing with SCHEDULER_S
2025-05-09T08:01:52.333 pySimContainer logDelouse - Calling maci::CBComponentInfo::done with descOut.id_tag = 3 for 'SCHEDULER_S'
2025-05-09T08:01:52.334 pySimContainer logDelouse - Call to maci::CBComponentInfo::done with descOut.id_tag = 3 for 'SCHEDULER_S' completed
2025-05-09T08:02:01.112 pySimContainer logDelouse - The container is asking the clearance to deactivate TELESCOPE_S
2025-05-09T08:02:01.113 pySimContainer logDelouse - The container is not dealing with TELESCOPE_S: the operation can go ahead
2025-05-09T08:02:01.114 pySimContainer logDelouse - The container has been cleared to activate TELESCOPE_S
2025-05-09T08:02:01.114 pySimContainer logInfo - Deactivating component: TELESCOPE_S
2025-05-09T08:02:01.115 Servants.Representations.Dynamic.Dynamic'>(TELESCOPE_S) logDebug - Simulated lifecyle method
2025-05-09T08:02:01.116 Servants.Executor logDebug - cleanUp return value looks like:None of type:<class 'NoneType'>
2025-05-09T08:02:01.116 pySimContainer logDelouse - The container terminated the deactivation of TELESCOPE_S: awakening waiting threads
2025-05-09T08:02:01.117 pySimContainer logDelouse - The container terminated dealing with TELESCOPE_S
2025-05-09T08:02:01.120 pySimContainer logDelouse - The container is asking the clearance to deactivate INSTRUMENT_S
2025-05-09T08:02:01.122 pySimContainer logDelouse - The container is not dealing with INSTRUMENT_S: the operation can go ahead
2025-05-09T08:02:01.123 pySimContainer logDelouse - The container has been cleared to activate INSTRUMENT_S
2025-05-09T08:02:01.123 pySimContainer logInfo - Deactivating component: INSTRUMENT_S
2025-05-09T08:02:01.124 Servants.Representations.Dynamic.Dynamic'>(INSTRUMENT_S) logDebug - Simulated lifecyle method
2025-05-09T08:02:01.124 Servants.Executor logDebug - cleanUp return value looks like:None of type:<class 'NoneType'>
2025-05-09T08:02:01.125 pySimContainer logDelouse - The container terminated the deactivation of INSTRUMENT_S: awakening waiting threads
2025-05-09T08:02:01.125 pySimContainer logDelouse - The container terminated dealing with INSTRUMENT_S
2025-05-09T08:02:01.126 pySimContainer logDelouse - The container is asking the clearance to deactivate SCHEDULER_S
2025-05-09T08:02:01.127 pySimContainer logDelouse - The container is not dealing with SCHEDULER_S: the operation can go ahead
2025-05-09T08:02:01.127 pySimContainer logDelouse - The container has been cleared to activate SCHEDULER_S
2025-05-09T08:02:01.128 pySimContainer logInfo - Deactivating component: SCHEDULER_S
2025-05-09T08:02:01.128 Servants.Representations.Dynamic.Dynamic'>(SCHEDULER_S) logDebug - Simulated lifecyle method
2025-05-09T08:02:01.129 Servants.Executor logDebug - cleanUp return value looks like:None of type:<class 'NoneType'>
2025-05-09T08:02:01.130 pySimContainer logDelouse - The container terminated the deactivation of SCHEDULER_S: awakening waiting threads
2025-05-09T08:02:01.130 pySimContainer logDelouse - The container terminated dealing with SCHEDULER_S
2025-05-09T08:02:10.738 pySimContainer logDelouse - Starting async activation of SCHEDULER_S(type IDL:acsws/SCHEDULER_MODULE/Scheduler:1.0)
2025-05-09T08:02:10.739 pySimContainer logDebug - Activating SCHEDULER_S (type IDL:acsws/SCHEDULER_MODULE/Scheduler:1.0)
2025-05-09T08:02:10.739 pySimContainer logDelouse - The container is asking the clearance to activate SCHEDULER_S
2025-05-09T08:02:10.740 pySimContainer logDelouse - The container is not dealing with SCHEDULER_S: the operation can go ahead
2025-05-09T08:02:10.740 pySimContainer logDelouse - The container has been cleared to activate SCHEDULER_S
2025-05-09T08:02:10.741 loggingts -- Successfully loaded component code. [ logName=LOG_CompAct_Loading_OK TimeMillis=0 CompName=SCHEDULER_S ]
2025-05-09T08:02:10.751 loggingts -- Successfully instantiated component. [ logName=LOG_CompAct_Instance_OK TimeMillis=9 CompName=SCHEDULER_S ]
2025-05-09T08:02:10.752 Servants.Representations.Dynamic.Dynamic'>(SCHEDULER_S) logDebug - Simulated lifecyle method
2025-05-09T08:02:10.753 Servants.Executor logDebug - initialize return value looks like:None of type:<class 'NoneType'>
2025-05-09T08:02:10.754 EventDispatcher (SCHEDULER_S) logInfo - Setting up event dispatching.
2025-05-09T08:02:10.755 EventDispatcher (SCHEDULER_S) logDebug - No CDB entry found. Bailing.
2025-05-09T08:02:10.760 loggingts -- Successfully activated component with Corba. [ logName=LOG_CompAct_Corba_OK TimeMillis=0 CompName=SCHEDULER_S ]
2025-05-09T08:02:10.760 loggingts -- Successfully initialized component. [ logName=LOG_CompAct_Init_OK TimeMillis=0 CompName=SCHEDULER_S ]
2025-05-09T08:02:10.762 pySimContainer logInfo - Activated component: SCHEDULER_S
2025-05-09T08:02:10.763 pySimContainer logInfo - Component 'SCHEDULER_S' has KeepAliveTime '0'.
2025-05-09T08:02:10.764 pySimContainer logDelouse - The container terminated the activation of SCHEDULER_S: awakening waiting threads
2025-05-09T08:02:10.765 pySimContainer logDelouse - The container terminated dealing with SCHEDULER_S
2025-05-09T08:02:10.766 pySimContainer logDelouse - Calling maci::CBComponentInfo::done with descOut.id_tag = 4 for 'SCHEDULER_S'
2025-05-09T08:02:10.769 pySimContainer logDelouse - Call to maci::CBComponentInfo::done with descOut.id_tag = 4 for 'SCHEDULER_S' completed
2025-05-09T08:02:10.772 pySimContainer logDelouse - Starting async activation of INSTRUMENT_S(type IDL:acsws/INSTRUMENT_MODULE/Instrument:1.0)
2025-05-09T08:02:10.775 pySimContainer logDebug - Activating INSTRUMENT_S (type IDL:acsws/INSTRUMENT_MODULE/Instrument:1.0)
2025-05-09T08:02:10.776 pySimContainer logDelouse - The container is asking the clearance to activate INSTRUMENT_S
2025-05-09T08:02:10.777 pySimContainer logDelouse - The container is not dealing with INSTRUMENT_S: the operation can go ahead
2025-05-09T08:02:10.778 pySimContainer logDelouse - The container has been cleared to activate INSTRUMENT_S
2025-05-09T08:02:10.779 loggingts -- Successfully loaded component code. [ logName=LOG_CompAct_Loading_OK TimeMillis=0 CompName=INSTRUMENT_S ]
2025-05-09T08:02:10.792 loggingts -- Successfully instantiated component. [ logName=LOG_CompAct_Instance_OK TimeMillis=12 CompName=INSTRUMENT_S ]
2025-05-09T08:02:10.794 Servants.Representations.Dynamic.Dynamic'>(INSTRUMENT_S) logDebug - Simulated lifecyle method
2025-05-09T08:02:10.795 Servants.Executor logDebug - initialize return value looks like:None of type:<class 'NoneType'>
2025-05-09T08:02:10.797 EventDispatcher (INSTRUMENT_S) logInfo - Setting up event dispatching.
2025-05-09T08:02:10.805 EventDispatcher (INSTRUMENT_S) logDebug - No CDB entry found. Bailing.
2025-05-09T08:02:10.812 loggingts -- Successfully activated component with Corba. [ logName=LOG_CompAct_Corba_OK TimeMillis=0 CompName=INSTRUMENT_S ]
2025-05-09T08:02:10.812 loggingts -- Successfully initialized component. [ logName=LOG_CompAct_Init_OK TimeMillis=0 CompName=INSTRUMENT_S ]
2025-05-09T08:02:10.813 pySimContainer logInfo - Activated component: INSTRUMENT_S
2025-05-09T08:02:10.815 pySimContainer logInfo - Component 'INSTRUMENT_S' has KeepAliveTime '0'.
2025-05-09T08:02:10.816 pySimContainer logDelouse - The container terminated the activation of INSTRUMENT_S: awakening waiting threads
2025-05-09T08:02:10.817 pySimContainer logDelouse - The container terminated dealing with INSTRUMENT_S
2025-05-09T08:02:10.818 pySimContainer logDelouse - Calling maci::CBComponentInfo::done with descOut.id_tag = 5 for 'INSTRUMENT_S'
2025-05-09T08:02:10.821 pySimContainer logDelouse - Call to maci::CBComponentInfo::done with descOut.id_tag = 5 for 'INSTRUMENT_S' completed
2025-05-09T08:02:10.822 pySimContainer logDelouse - Starting async activation of TELESCOPE_S(type IDL:acsws/TELESCOPE_MODULE/Telescope:1.0)
2025-05-09T08:02:10.823 pySimContainer logDebug - Activating TELESCOPE_S (type IDL:acsws/TELESCOPE_MODULE/Telescope:1.0)
2025-05-09T08:02:10.824 pySimContainer logDelouse - The container is asking the clearance to activate TELESCOPE_S
2025-05-09T08:02:10.825 pySimContainer logDelouse - The container is not dealing with TELESCOPE_S: the operation can go ahead
2025-05-09T08:02:10.825 pySimContainer logDelouse - The container has been cleared to activate TELESCOPE_S
2025-05-09T08:02:10.826 loggingts -- Successfully loaded component code. [ logName=LOG_CompAct_Loading_OK TimeMillis=0 CompName=TELESCOPE_S ]
2025-05-09T08:02:10.834 loggingts -- Successfully instantiated component. [ logName=LOG_CompAct_Instance_OK TimeMillis=7 CompName=TELESCOPE_S ]
2025-05-09T08:02:10.836 Servants.Representations.Dynamic.Dynamic'>(TELESCOPE_S) logDebug - Simulated lifecyle method
2025-05-09T08:02:10.837 Servants.Executor logDebug - initialize return value looks like:None of type:<class 'NoneType'>
2025-05-09T08:02:10.838 EventDispatcher (TELESCOPE_S) logInfo - Setting up event dispatching.
2025-05-09T08:02:10.839 EventDispatcher (TELESCOPE_S) logDebug - No CDB entry found. Bailing.
2025-05-09T08:02:10.844 loggingts -- Successfully activated component with Corba. [ logName=LOG_CompAct_Corba_OK TimeMillis=0 CompName=TELESCOPE_S ]
2025-05-09T08:02:10.845 loggingts -- Successfully initialized component. [ logName=LOG_CompAct_Init_OK TimeMillis=0 CompName=TELESCOPE_S ]
2025-05-09T08:02:10.846 pySimContainer logInfo - Activated component: TELESCOPE_S
2025-05-09T08:02:10.852 pySimContainer logInfo - Component 'TELESCOPE_S' has KeepAliveTime '0'.
2025-05-09T08:02:10.853 pySimContainer logDelouse - The container terminated the activation of TELESCOPE_S: awakening waiting threads
2025-05-09T08:02:10.854 pySimContainer logDelouse - The container terminated dealing with TELESCOPE_S
2025-05-09T08:02:10.855 pySimContainer logDelouse - Calling maci::CBComponentInfo::done with descOut.id_tag = 6 for 'TELESCOPE_S'
2025-05-09T08:02:10.857 pySimContainer logDelouse - Call to maci::CBComponentInfo::done with descOut.id_tag = 6 for 'TELESCOPE_S' completed
2025-05-09T08:03:47.443 Servants.Representations.Dynamic.Dynamic'>(SCHEDULER_S) logDebug - Method:start
2025-05-09T08:03:47.444 Servants.Representations.Dynamic.Dynamic'>(SCHEDULER_S) logDebug - retVal looks like:start {'Value': [None], 'Timeout': 0.2, 'Type': 'TypeCodes'}
2025-05-09T08:03:47.644 Servants.Executor logDebug - start return value looks like:None of type:<class 'NoneType'>
2025-05-09T08:03:57.192 Servants.Representations.Dynamic.Dynamic'>(SCHEDULER_S) logDebug - Method:stop
2025-05-09T08:03:57.193 Servants.Representations.Dynamic.Dynamic'>(SCHEDULER_S) logDebug - retVal looks like:stop {'Value': [None], 'Timeout': 0.2, 'Type': 'TypeCodes'}
2025-05-09T08:03:57.393 Servants.Executor logDebug - stop return value looks like:None of type:<class 'NoneType'>
2025-05-09T08:04:28.477 Servants.Representations.Dynamic.Dynamic'>(SCHEDULER_S) logDebug - Method:start
2025-05-09T08:04:28.478 Servants.Representations.Dynamic.Dynamic'>(SCHEDULER_S) logDebug - retVal looks like:start {'Value': [None], 'Timeout': 0.2, 'Type': 'TypeCodes'}
2025-05-09T08:04:28.679 Servants.Executor logDebug - start return value looks like:None of type:<class 'NoneType'>
2025-05-09T08:07:36.848 Servants.Representations.Dynamic.Dynamic'>(SCHEDULER_S) logDebug - Method:stop
2025-05-09T08:07:36.848 Servants.Representations.Dynamic.Dynamic'>(SCHEDULER_S) logDebug - retVal looks like:stop {'Value': [None], 'Timeout': 0.2, 'Type': 'TypeCodes'}
2025-05-09T08:07:37.049 Servants.Executor logDebug - stop return value looks like:None of type:<class 'NoneType'>
2025-05-09T08:07:42.994 Servants.Representations.Dynamic.Dynamic'>(TELESCOPE_S) logDebug - Method:moveTo
2025-05-09T08:07:42.994 Servants.Representations.Dynamic.Dynamic'>(TELESCOPE_S) logDebug - retVal looks like:moveTo {'Value': [None], 'Timeout': 0.2, 'Type': 'TypeCodes'}
2025-05-09T08:07:43.195 Servants.Executor logDebug - moveTo return value looks like:None of type:<class 'NoneType'>
2025-05-09T08:07:49.738 Servants.Representations.Dynamic.Dynamic'>(TELESCOPE_S) logDebug - Method:getCurrentPosition
2025-05-09T08:07:49.742 Servants.Representations.Dynamic.Dynamic'>(TELESCOPE_S) logDebug - retVal looks like:getCurrentPosition {'Value': [TYPES.Position(az=338155.0, el=-1030240.0)], 'Timeout': 0.2, 'Type': 'TypeCodes'}
2025-05-09T08:07:49.943 Servants.Executor logDebug - getCurrentPosition return value looks like:TYPES.Position(az=338155.0, el=-1030240.0) of type:<class 'TYPES.Position'>
2025-05-09T08:07:57.743 Servants.Representations.Dynamic.Dynamic'>(TELESCOPE_S) logDebug - Method:getCurrentPosition
2025-05-09T08:07:57.746 Servants.Representations.Dynamic.Dynamic'>(TELESCOPE_S) logDebug - retVal looks like:getCurrentPosition {'Value': [TYPES.Position(az=-5589115.0, el=-16426099.999999998)], 'Timeout': 0.2, 'Type': 'TypeCodes'}
2025-05-09T08:07:57.947 Servants.Executor logDebug - getCurrentPosition return value looks like:TYPES.Position(az=-5589115.0, el=-16426099.999999998) of type:<class 'TYPES.Position'>
2025-05-09T08:09:17.682 Servants.Representations.Dynamic.Dynamic'>(TELESCOPE_S) logDebug - Method:getCurrentPosition
2025-05-09T08:09:17.685 Servants.Representations.Dynamic.Dynamic'>(TELESCOPE_S) logDebug - retVal looks like:getCurrentPosition {'Value': [TYPES.Position(az=-218206.0, el=4585180.0)], 'Timeout': 0.2, 'Type': 'TypeCodes'}
2025-05-09T08:09:17.886 Servants.Executor logDebug - getCurrentPosition return value looks like:TYPES.Position(az=-218206.0, el=4585180.0) of type:<class 'TYPES.Position'>
2025-05-09T08:10:06.820 pySimContainer logDelouse - The container is asking the clearance to deactivate SCHEDULER_S
2025-05-09T08:10:06.821 pySimContainer logDelouse - The container is not dealing with SCHEDULER_S: the operation can go ahead
2025-05-09T08:10:06.821 pySimContainer logDelouse - The container has been cleared to activate SCHEDULER_S
2025-05-09T08:10:06.822 pySimContainer logInfo - Deactivating component: SCHEDULER_S
2025-05-09T08:10:06.822 Servants.Representations.Dynamic.Dynamic'>(SCHEDULER_S) logDebug - Simulated lifecyle method
2025-05-09T08:10:06.823 Servants.Executor logDebug - cleanUp return value looks like:None of type:<class 'NoneType'>
2025-05-09T08:10:06.823 pySimContainer logDelouse - The container terminated the deactivation of SCHEDULER_S: awakening waiting threads
2025-05-09T08:10:06.824 pySimContainer logDelouse - The container terminated dealing with SCHEDULER_S
2025-05-09T08:10:06.825 pySimContainer logDelouse - The container is asking the clearance to deactivate INSTRUMENT_S
2025-05-09T08:10:06.826 pySimContainer logDelouse - The container is not dealing with INSTRUMENT_S: the operation can go ahead
2025-05-09T08:10:06.826 pySimContainer logDelouse - The container has been cleared to activate INSTRUMENT_S
2025-05-09T08:10:06.827 pySimContainer logInfo - Deactivating component: INSTRUMENT_S
2025-05-09T08:10:06.827 Servants.Representations.Dynamic.Dynamic'>(INSTRUMENT_S) logDebug - Simulated lifecyle method
2025-05-09T08:10:06.828 Servants.Executor logDebug - cleanUp return value looks like:None of type:<class 'NoneType'>
2025-05-09T08:10:06.828 pySimContainer logDelouse - The container terminated the deactivation of INSTRUMENT_S: awakening waiting threads
2025-05-09T08:10:06.829 pySimContainer logDelouse - The container terminated dealing with INSTRUMENT_S
2025-05-09T08:10:06.830 pySimContainer logDelouse - The container is asking the clearance to deactivate TELESCOPE_S
2025-05-09T08:10:06.831 pySimContainer logDelouse - The container is not dealing with TELESCOPE_S: the operation can go ahead
2025-05-09T08:10:06.831 pySimContainer logDelouse - The container has been cleared to activate TELESCOPE_S
2025-05-09T08:10:06.831 pySimContainer logInfo - Deactivating component: TELESCOPE_S
2025-05-09T08:10:06.832 Servants.Representations.Dynamic.Dynamic'>(TELESCOPE_S) logDebug - Simulated lifecyle method
2025-05-09T08:10:06.833 Servants.Executor logDebug - cleanUp return value looks like:None of type:<class 'NoneType'>
2025-05-09T08:10:06.833 pySimContainer logDelouse - The container terminated the deactivation of TELESCOPE_S: awakening waiting threads
2025-05-09T08:10:06.834 pySimContainer logDelouse - The container terminated dealing with TELESCOPE_S
2025-05-09T08:10:08.009 pySimContainer logDelouse - Starting async activation of SCHEDULER_S(type IDL:acsws/SCHEDULER_MODULE/Scheduler:1.0)
2025-05-09T08:10:08.010 pySimContainer logDebug - Activating SCHEDULER_S (type IDL:acsws/SCHEDULER_MODULE/Scheduler:1.0)
2025-05-09T08:10:08.011 pySimContainer logDelouse - The container is asking the clearance to activate SCHEDULER_S
2025-05-09T08:10:08.011 pySimContainer logDelouse - The container is not dealing with SCHEDULER_S: the operation can go ahead
2025-05-09T08:10:08.012 pySimContainer logDelouse - The container has been cleared to activate SCHEDULER_S
2025-05-09T08:10:08.012 loggingts -- Successfully loaded component code. [ logName=LOG_CompAct_Loading_OK TimeMillis=0 CompName=SCHEDULER_S ]
2025-05-09T08:10:08.018 loggingts -- Successfully instantiated component. [ logName=LOG_CompAct_Instance_OK TimeMillis=5 CompName=SCHEDULER_S ]
2025-05-09T08:10:08.019 Servants.Representations.Dynamic.Dynamic'>(SCHEDULER_S) logDebug - Simulated lifecyle method
2025-05-09T08:10:08.020 Servants.Executor logDebug - initialize return value looks like:None of type:<class 'NoneType'>
2025-05-09T08:10:08.021 EventDispatcher (SCHEDULER_S) logInfo - Setting up event dispatching.
2025-05-09T08:10:08.022 EventDispatcher (SCHEDULER_S) logDebug - No CDB entry found. Bailing.
2025-05-09T08:10:08.027 loggingts -- Successfully activated component with Corba. [ logName=LOG_CompAct_Corba_OK TimeMillis=0 CompName=SCHEDULER_S ]
2025-05-09T08:10:08.027 loggingts -- Successfully initialized component. [ logName=LOG_CompAct_Init_OK TimeMillis=0 CompName=SCHEDULER_S ]
2025-05-09T08:10:08.028 pySimContainer logInfo - Activated component: SCHEDULER_S
2025-05-09T08:10:08.030 pySimContainer logInfo - Component 'SCHEDULER_S' has KeepAliveTime '0'.
2025-05-09T08:10:08.031 pySimContainer logDelouse - The container terminated the activation of SCHEDULER_S: awakening waiting threads
2025-05-09T08:10:08.032 pySimContainer logDelouse - The container terminated dealing with SCHEDULER_S
2025-05-09T08:10:08.032 pySimContainer logDelouse - Calling maci::CBComponentInfo::done with descOut.id_tag = 7 for 'SCHEDULER_S'
2025-05-09T08:10:08.034 pySimContainer logDelouse - Call to maci::CBComponentInfo::done with descOut.id_tag = 7 for 'SCHEDULER_S' completed
2025-05-09T08:10:08.035 pySimContainer logDelouse - Starting async activation of INSTRUMENT_S(type IDL:acsws/INSTRUMENT_MODULE/Instrument:1.0)
2025-05-09T08:10:08.036 pySimContainer logDebug - Activating INSTRUMENT_S (type IDL:acsws/INSTRUMENT_MODULE/Instrument:1.0)
2025-05-09T08:10:08.037 pySimContainer logDelouse - The container is asking the clearance to activate INSTRUMENT_S
2025-05-09T08:10:08.038 pySimContainer logDelouse - The container is not dealing with INSTRUMENT_S: the operation can go ahead
2025-05-09T08:10:08.039 pySimContainer logDelouse - The container has been cleared to activate INSTRUMENT_S
2025-05-09T08:10:08.041 loggingts -- Successfully loaded component code. [ logName=LOG_CompAct_Loading_OK TimeMillis=0 CompName=INSTRUMENT_S ]
2025-05-09T08:10:08.048 loggingts -- Successfully instantiated component. [ logName=LOG_CompAct_Instance_OK TimeMillis=6 CompName=INSTRUMENT_S ]
2025-05-09T08:10:08.049 Servants.Representations.Dynamic.Dynamic'>(INSTRUMENT_S) logDebug - Simulated lifecyle method
2025-05-09T08:10:08.050 Servants.Executor logDebug - initialize return value looks like:None of type:<class 'NoneType'>
2025-05-09T08:10:08.051 EventDispatcher (INSTRUMENT_S) logInfo - Setting up event dispatching.
2025-05-09T08:10:08.052 EventDispatcher (INSTRUMENT_S) logDebug - No CDB entry found. Bailing.
2025-05-09T08:10:08.058 loggingts -- Successfully activated component with Corba. [ logName=LOG_CompAct_Corba_OK TimeMillis=0 CompName=INSTRUMENT_S ]
2025-05-09T08:10:08.058 loggingts -- Successfully initialized component. [ logName=LOG_CompAct_Init_OK TimeMillis=0 CompName=INSTRUMENT_S ]
2025-05-09T08:10:08.059 pySimContainer logInfo - Activated component: INSTRUMENT_S
2025-05-09T08:10:08.061 pySimContainer logInfo - Component 'INSTRUMENT_S' has KeepAliveTime '0'.
2025-05-09T08:10:08.062 pySimContainer logDelouse - The container terminated the activation of INSTRUMENT_S: awakening waiting threads
2025-05-09T08:10:08.063 pySimContainer logDelouse - The container terminated dealing with INSTRUMENT_S
2025-05-09T08:10:08.063 pySimContainer logDelouse - Calling maci::CBComponentInfo::done with descOut.id_tag = 8 for 'INSTRUMENT_S'
2025-05-09T08:10:08.065 pySimContainer logDelouse - Call to maci::CBComponentInfo::done with descOut.id_tag = 8 for 'INSTRUMENT_S' completed
2025-05-09T08:10:08.066 pySimContainer logDelouse - Starting async activation of TELESCOPE_S(type IDL:acsws/TELESCOPE_MODULE/Telescope:1.0)
2025-05-09T08:10:08.066 pySimContainer logDebug - Activating TELESCOPE_S (type IDL:acsws/TELESCOPE_MODULE/Telescope:1.0)
2025-05-09T08:10:08.067 pySimContainer logDelouse - The container is asking the clearance to activate TELESCOPE_S
2025-05-09T08:10:08.067 pySimContainer logDelouse - The container is not dealing with TELESCOPE_S: the operation can go ahead
2025-05-09T08:10:08.068 pySimContainer logDelouse - The container has been cleared to activate TELESCOPE_S
2025-05-09T08:10:08.068 loggingts -- Successfully loaded component code. [ logName=LOG_CompAct_Loading_OK TimeMillis=0 CompName=TELESCOPE_S ]
2025-05-09T08:10:08.074 loggingts -- Successfully instantiated component. [ logName=LOG_CompAct_Instance_OK TimeMillis=5 CompName=TELESCOPE_S ]
2025-05-09T08:10:08.075 Servants.Representations.Dynamic.Dynamic'>(TELESCOPE_S) logDebug - Simulated lifecyle method
2025-05-09T08:10:08.076 Servants.Executor logDebug - initialize return value looks like:None of type:<class 'NoneType'>
2025-05-09T08:10:08.077 EventDispatcher (TELESCOPE_S) logInfo - Setting up event dispatching.
2025-05-09T08:10:08.078 EventDispatcher (TELESCOPE_S) logDebug - No CDB entry found. Bailing.
2025-05-09T08:10:08.083 loggingts -- Successfully activated component with Corba. [ logName=LOG_CompAct_Corba_OK TimeMillis=0 CompName=TELESCOPE_S ]
2025-05-09T08:10:08.083 loggingts -- Successfully initialized component. [ logName=LOG_CompAct_Init_OK TimeMillis=0 CompName=TELESCOPE_S ]
2025-05-09T08:10:08.084 pySimContainer logInfo - Activated component: TELESCOPE_S
2025-05-09T08:10:08.086 pySimContainer logInfo - Component 'TELESCOPE_S' has KeepAliveTime '0'.
2025-05-09T08:10:08.087 pySimContainer logDelouse - The container terminated the activation of TELESCOPE_S: awakening waiting threads
2025-05-09T08:10:08.089 pySimContainer logDelouse - The container terminated dealing with TELESCOPE_S
2025-05-09T08:10:08.091 pySimContainer logDelouse - Calling maci::CBComponentInfo::done with descOut.id_tag = 9 for 'TELESCOPE_S'
2025-05-09T08:10:08.092 pySimContainer logDelouse - Call to maci::CBComponentInfo::done with descOut.id_tag = 9 for 'TELESCOPE_S' completed
2025-05-09T08:10:18.702 Servants.Representations.Dynamic.Dynamic'>(TELESCOPE_S) logDebug - Method:getCurrentPosition
2025-05-09T08:10:18.707 Servants.Representations.Dynamic.Dynamic'>(TELESCOPE_S) logDebug - retVal looks like:getCurrentPosition {'Value': [TYPES.Position(az=165540.0, el=-30013211.0)], 'Timeout': 0.2, 'Type': 'TypeCodes'}
2025-05-09T08:10:18.909 Servants.Executor logDebug - getCurrentPosition return value looks like:TYPES.Position(az=165540.0, el=-30013211.0) of type:<class 'TYPES.Position'>
2025-05-09T08:10:31.825 pySimContainer logDelouse - The container is asking the clearance to deactivate SCHEDULER_S
2025-05-09T08:10:31.826 pySimContainer logDelouse - The container is not dealing with SCHEDULER_S: the operation can go ahead
2025-05-09T08:10:31.826 pySimContainer logDelouse - The container has been cleared to activate SCHEDULER_S
2025-05-09T08:10:31.827 pySimContainer logInfo - Deactivating component: SCHEDULER_S
2025-05-09T08:10:31.827 Servants.Representations.Dynamic.Dynamic'>(SCHEDULER_S) logDebug - Simulated lifecyle method
2025-05-09T08:10:31.828 Servants.Executor logDebug - cleanUp return value looks like:None of type:<class 'NoneType'>
2025-05-09T08:10:31.828 pySimContainer logDelouse - The container terminated the deactivation of SCHEDULER_S: awakening waiting threads
2025-05-09T08:10:31.828 pySimContainer logDelouse - The container terminated dealing with SCHEDULER_S
2025-05-09T08:10:31.829 pySimContainer logDelouse - The container is asking the clearance to deactivate INSTRUMENT_S
2025-05-09T08:10:31.830 pySimContainer logDelouse - The container is not dealing with INSTRUMENT_S: the operation can go ahead
2025-05-09T08:10:31.830 pySimContainer logDelouse - The container has been cleared to activate INSTRUMENT_S
2025-05-09T08:10:31.831 pySimContainer logInfo - Deactivating component: INSTRUMENT_S
2025-05-09T08:10:31.831 Servants.Representations.Dynamic.Dynamic'>(INSTRUMENT_S) logDebug - Simulated lifecyle method
2025-05-09T08:10:31.832 Servants.Executor logDebug - cleanUp return value looks like:None of type:<class 'NoneType'>
2025-05-09T08:10:31.832 pySimContainer logDelouse - The container terminated the deactivation of INSTRUMENT_S: awakening waiting threads
2025-05-09T08:10:31.833 pySimContainer logDelouse - The container terminated dealing with INSTRUMENT_S
2025-05-09T08:10:31.834 pySimContainer logDelouse - The container is asking the clearance to deactivate TELESCOPE_S
2025-05-09T08:10:31.834 pySimContainer logDelouse - The container is not dealing with TELESCOPE_S: the operation can go ahead
2025-05-09T08:10:31.835 pySimContainer logDelouse - The container has been cleared to activate TELESCOPE_S
2025-05-09T08:10:31.835 pySimContainer logInfo - Deactivating component: TELESCOPE_S
2025-05-09T08:10:31.836 Servants.Representations.Dynamic.Dynamic'>(TELESCOPE_S) logDebug - Simulated lifecyle method
2025-05-09T08:10:31.836 Servants.Executor logDebug - cleanUp return value looks like:None of type:<class 'NoneType'>
2025-05-09T08:10:31.837 pySimContainer logDelouse - The container terminated the deactivation of TELESCOPE_S: awakening waiting threads
2025-05-09T08:10:31.837 pySimContainer logDelouse - The container terminated dealing with TELESCOPE_S
2025-05-09T08:10:33.046 pySimContainer logDelouse - Starting async activation of SCHEDULER_S(type IDL:acsws/SCHEDULER_MODULE/Scheduler:1.0)
2025-05-09T08:10:33.048 pySimContainer logDebug - Activating SCHEDULER_S (type IDL:acsws/SCHEDULER_MODULE/Scheduler:1.0)
2025-05-09T08:10:33.049 pySimContainer logDelouse - The container is asking the clearance to activate SCHEDULER_S
2025-05-09T08:10:33.050 pySimContainer logDelouse - The container is not dealing with SCHEDULER_S: the operation can go ahead
2025-05-09T08:10:33.051 pySimContainer logDelouse - The container has been cleared to activate SCHEDULER_S
2025-05-09T08:10:33.052 loggingts -- Successfully loaded component code. [ logName=LOG_CompAct_Loading_OK TimeMillis=0 CompName=SCHEDULER_S ]
2025-05-09T08:10:33.062 loggingts -- Successfully instantiated component. [ logName=LOG_CompAct_Instance_OK TimeMillis=8 CompName=SCHEDULER_S ]
2025-05-09T08:10:33.063 Servants.Representations.Dynamic.Dynamic'>(SCHEDULER_S) logDebug - Simulated lifecyle method
2025-05-09T08:10:33.064 Servants.Executor logDebug - initialize return value looks like:None of type:<class 'NoneType'>
2025-05-09T08:10:33.065 EventDispatcher (SCHEDULER_S) logInfo - Setting up event dispatching.
2025-05-09T08:10:33.067 EventDispatcher (SCHEDULER_S) logDebug - No CDB entry found. Bailing.
2025-05-09T08:10:33.072 loggingts -- Successfully activated component with Corba. [ logName=LOG_CompAct_Corba_OK TimeMillis=0 CompName=SCHEDULER_S ]
2025-05-09T08:10:33.073 loggingts -- Successfully initialized component. [ logName=LOG_CompAct_Init_OK TimeMillis=0 CompName=SCHEDULER_S ]
2025-05-09T08:10:33.074 pySimContainer logInfo - Activated component: SCHEDULER_S
2025-05-09T08:10:33.081 pySimContainer logInfo - Component 'SCHEDULER_S' has KeepAliveTime '0'.
2025-05-09T08:10:33.082 pySimContainer logDelouse - The container terminated the activation of SCHEDULER_S: awakening waiting threads
2025-05-09T08:10:33.084 pySimContainer logDelouse - The container terminated dealing with SCHEDULER_S
2025-05-09T08:10:33.084 pySimContainer logDelouse - Calling maci::CBComponentInfo::done with descOut.id_tag = 10 for 'SCHEDULER_S'
2025-05-09T08:10:33.087 pySimContainer logDelouse - Call to maci::CBComponentInfo::done with descOut.id_tag = 10 for 'SCHEDULER_S' completed
2025-05-09T08:10:33.088 pySimContainer logDelouse - Starting async activation of INSTRUMENT_S(type IDL:acsws/INSTRUMENT_MODULE/Instrument:1.0)
2025-05-09T08:10:33.089 pySimContainer logDebug - Activating INSTRUMENT_S (type IDL:acsws/INSTRUMENT_MODULE/Instrument:1.0)
2025-05-09T08:10:33.089 pySimContainer logDelouse - The container is asking the clearance to activate INSTRUMENT_S
2025-05-09T08:10:33.090 pySimContainer logDelouse - The container is not dealing with INSTRUMENT_S: the operation can go ahead
2025-05-09T08:10:33.090 pySimContainer logDelouse - The container has been cleared to activate INSTRUMENT_S
2025-05-09T08:10:33.091 loggingts -- Successfully loaded component code. [ logName=LOG_CompAct_Loading_OK TimeMillis=0 CompName=INSTRUMENT_S ]
2025-05-09T08:10:33.097 loggingts -- Successfully instantiated component. [ logName=LOG_CompAct_Instance_OK TimeMillis=5 CompName=INSTRUMENT_S ]
2025-05-09T08:10:33.098 Servants.Representations.Dynamic.Dynamic'>(INSTRUMENT_S) logDebug - Simulated lifecyle method
2025-05-09T08:10:33.099 Servants.Executor logDebug - initialize return value looks like:None of type:<class 'NoneType'>
2025-05-09T08:10:33.100 EventDispatcher (INSTRUMENT_S) logInfo - Setting up event dispatching.
2025-05-09T08:10:33.102 EventDispatcher (INSTRUMENT_S) logDebug - No CDB entry found. Bailing.
2025-05-09T08:10:33.109 loggingts -- Successfully activated component with Corba. [ logName=LOG_CompAct_Corba_OK TimeMillis=0 CompName=INSTRUMENT_S ]
2025-05-09T08:10:33.110 loggingts -- Successfully initialized component. [ logName=LOG_CompAct_Init_OK TimeMillis=0 CompName=INSTRUMENT_S ]
2025-05-09T08:10:33.111 pySimContainer logInfo - Activated component: INSTRUMENT_S
2025-05-09T08:10:33.113 pySimContainer logInfo - Component 'INSTRUMENT_S' has KeepAliveTime '0'.
2025-05-09T08:10:33.114 pySimContainer logDelouse - The container terminated the activation of INSTRUMENT_S: awakening waiting threads
2025-05-09T08:10:33.116 pySimContainer logDelouse - The container terminated dealing with INSTRUMENT_S
2025-05-09T08:10:33.116 pySimContainer logDelouse - Calling maci::CBComponentInfo::done with descOut.id_tag = 11 for 'INSTRUMENT_S'
2025-05-09T08:10:33.118 pySimContainer logDelouse - Call to maci::CBComponentInfo::done with descOut.id_tag = 11 for 'INSTRUMENT_S' completed
2025-05-09T08:10:33.118 pySimContainer logDelouse - Starting async activation of TELESCOPE_S(type IDL:acsws/TELESCOPE_MODULE/Telescope:1.0)
2025-05-09T08:10:33.119 pySimContainer logDebug - Activating TELESCOPE_S (type IDL:acsws/TELESCOPE_MODULE/Telescope:1.0)
2025-05-09T08:10:33.119 pySimContainer logDelouse - The container is asking the clearance to activate TELESCOPE_S
2025-05-09T08:10:33.120 pySimContainer logDelouse - The container is not dealing with TELESCOPE_S: the operation can go ahead
2025-05-09T08:10:33.121 pySimContainer logDelouse - The container has been cleared to activate TELESCOPE_S
2025-05-09T08:10:33.121 loggingts -- Successfully loaded component code. [ logName=LOG_CompAct_Loading_OK TimeMillis=0 CompName=TELESCOPE_S ]
2025-05-09T08:10:33.126 loggingts -- Successfully instantiated component. [ logName=LOG_CompAct_Instance_OK TimeMillis=4 CompName=TELESCOPE_S ]
2025-05-09T08:10:33.127 Servants.Representations.Dynamic.Dynamic'>(TELESCOPE_S) logDebug - Simulated lifecyle method
2025-05-09T08:10:33.127 Servants.Executor logDebug - initialize return value looks like:None of type:<class 'NoneType'>
2025-05-09T08:10:33.128 EventDispatcher (TELESCOPE_S) logInfo - Setting up event dispatching.
2025-05-09T08:10:33.129 EventDispatcher (TELESCOPE_S) logDebug - No CDB entry found. Bailing.
2025-05-09T08:10:33.133 loggingts -- Successfully activated component with Corba. [ logName=LOG_CompAct_Corba_OK TimeMillis=0 CompName=TELESCOPE_S ]
2025-05-09T08:10:33.134 loggingts -- Successfully initialized component. [ logName=LOG_CompAct_Init_OK TimeMillis=0 CompName=TELESCOPE_S ]
2025-05-09T08:10:33.135 pySimContainer logInfo - Activated component: TELESCOPE_S
2025-05-09T08:10:33.136 pySimContainer logInfo - Component 'TELESCOPE_S' has KeepAliveTime '0'.
2025-05-09T08:10:33.137 pySimContainer logDelouse - The container terminated the activation of TELESCOPE_S: awakening waiting threads
2025-05-09T08:10:33.138 pySimContainer logDelouse - The container terminated dealing with TELESCOPE_S
2025-05-09T08:10:33.138 pySimContainer logDelouse - Calling maci::CBComponentInfo::done with descOut.id_tag = 12 for 'TELESCOPE_S'
2025-05-09T08:10:33.139 pySimContainer logDelouse - Call to maci::CBComponentInfo::done with descOut.id_tag = 12 for 'TELESCOPE_S' completed
2025-05-09T08:10:37.206 Servants.Representations.Dynamic.Dynamic'>(TELESCOPE_S) logDebug - Method:getCurrentPosition
2025-05-09T08:10:37.211 Servants.Representations.Dynamic.Dynamic'>(TELESCOPE_S) logDebug - retVal looks like:getCurrentPosition {'Value': [TYPES.Position(az=-22335154.0, el=24019187.0)], 'Timeout': 0.2, 'Type': 'TypeCodes'}
2025-05-09T08:10:37.412 Servants.Executor logDebug - getCurrentPosition return value looks like:TYPES.Position(az=-22335154.0, el=24019187.0) of type:<class 'TYPES.Position'>
2025-05-09T08:13:40.651 Servants.Representations.Dynamic.Dynamic'>(TELESCOPE_S) logDebug - Method:getCurrentPosition
2025-05-09T08:13:40.655 Servants.Representations.Dynamic.Dynamic'>(TELESCOPE_S) logDebug - retVal looks like:getCurrentPosition {'Value': [TYPES.Position(az=-29416248.0, el=1382227.0)], 'Timeout': 0.2, 'Type': 'TypeCodes'}
2025-05-09T08:13:40.855 Servants.Executor logDebug - getCurrentPosition return value looks like:TYPES.Position(az=-29416248.0, el=1382227.0) of type:<class 'TYPES.Position'>
2025-05-09T08:17:29.675 INFO [acsStartContainer] Running the container with these arguments: 'ACSStartContainerPy pySimContainer -ORBendPoint giop:tcp:172.20.0.2:4002 -m corbaloc::172.20.0.2:3000/Manager'
ContainerStatusMsg: Startup begins
2025-05-09T08:17:29.928 AlarmSystemInterfaceFactory logDebug - Using ACS alarm system
ContainerStatusMsg: ORB initialization begins
ContainerStatusMsg: ORB initialization ends
ContainerStatusMsg: Manager access initialization begins
ContainerStatusMsg: Manager access initialization ends
ContainerStatusMsg: Automatic component loading begins
2025-05-09T08:17:29.940 pySimContainer logInfo - Info message from the manager: Startup statistics: 0 components queued to be activated.
2025-05-09T08:17:29.951 pySimContainer logInfo - Info message from the manager: Startup statistics: 0 of 0 components activated.
ContainerStatusMsg: Automatic component loading ends
ContainerStatusMsg: Ready
2025-05-09T08:17:30.008 pySimContainer logAlert - The 'baci' Python script specified by this container's CDB Autoload element cannot be found!
2025-05-09T08:17:30.036 pySimContainer logInfo - Container pySimContainer waiting for requests
2025-05-09T08:17:30.037 pySimContainer logInfo - Container pySimContainer used libraries from /alma/ACS-2025APR/ACSSW/lib/python3.12/site-packages:
ContainerStatusMsg: Startup ends
2025-05-09T08:17:53.251 pySimContainer logDelouse - Starting async activation of DATABASE_S(type IDL:acsws/DATABASE_MODULE/DataBase:1.0)
2025-05-09T08:17:53.252 pySimContainer logDebug - Activating DATABASE_S (type IDL:acsws/DATABASE_MODULE/DataBase:1.0)
2025-05-09T08:17:53.253 pySimContainer logDelouse - The container is asking the clearance to activate DATABASE_S
2025-05-09T08:17:53.254 pySimContainer logDelouse - The container is not dealing with DATABASE_S: the operation can go ahead
2025-05-09T08:17:53.254 pySimContainer logDelouse - The container has been cleared to activate DATABASE_S
2025-05-09T08:17:53.317 loggingts -- Successfully loaded component code. [ logName=LOG_CompAct_Loading_OK TimeMillis=62 CompName=DATABASE_S ]
2025-05-09T08:17:53.326 loggingts -- Successfully instantiated component. [ logName=LOG_CompAct_Instance_OK TimeMillis=7 CompName=DATABASE_S ]
2025-05-09T08:17:53.371 Servants.Representations.Dynamic.Dynamic'>(DATABASE_S) logDebug - Simulated lifecyle method
2025-05-09T08:17:53.372 Servants.Executor logDebug - initialize return value looks like:None of type:<class 'NoneType'>
2025-05-09T08:17:53.373 EventDispatcher (DATABASE_S) logInfo - Setting up event dispatching.
2025-05-09T08:17:53.374 EventDispatcher (DATABASE_S) logDebug - No CDB entry found. Bailing.
2025-05-09T08:17:53.380 loggingts -- Successfully activated component with Corba. [ logName=LOG_CompAct_Corba_OK TimeMillis=0 CompName=DATABASE_S ]
2025-05-09T08:17:53.380 loggingts -- Successfully initialized component. [ logName=LOG_CompAct_Init_OK TimeMillis=0 CompName=DATABASE_S ]
2025-05-09T08:17:53.381 pySimContainer logInfo - Activated component: DATABASE_S
2025-05-09T08:17:53.393 pySimContainer logInfo - Component 'DATABASE_S' has KeepAliveTime '0'.
2025-05-09T08:17:53.395 pySimContainer logDelouse - The container terminated the activation of DATABASE_S: awakening waiting threads
2025-05-09T08:17:53.396 pySimContainer logDelouse - The container terminated dealing with DATABASE_S
2025-05-09T08:17:53.397 pySimContainer logDelouse - Calling maci::CBComponentInfo::done with descOut.id_tag = 1 for 'DATABASE_S'
2025-05-09T08:17:53.403 pySimContainer logDelouse - Call to maci::CBComponentInfo::done with descOut.id_tag = 1 for 'DATABASE_S' completed
2025-05-09T08:18:14.486 Servants.Representations.Dynamic.Dynamic'>(DATABASE_S) logDebug - Method:getProposals
2025-05-09T08:18:14.941 Servants.Representations.Dynamic.Dynamic'>(DATABASE_S) logDebug - retVal looks like:getProposals {'Value': [(TYPES.Proposal(pid=-726246999, targets=(TYPES.Target(tid=841536315, coordinates=TYPES.Position(az=-30601120.0, el=-31618600.0), expTime=-1006755130), TYPES.Target(tid=831129169, coordinates=TYPES.Position(az=17415920.0, el=16334157.0), expTime=-1530794706), TYPES.Target(tid=-1847935407, coordinates=TYPES.Position(az=17891144.0, el=29625226.0), expTime=1831390800), TYPES.Target(tid=750890101, coordinates=TYPES.Position(az=190111.0, el=-29132490.0), expTime=-1621869962), TYPES.Target(tid=1811351947, coordinates=TYPES.Position(az=-7467630.0, el=15177244.0), expTime=-1605067024), TYPES.Target(tid=1694289665, coordinates=TYPES.Position(az=-918113.0, el=-11391133.0), expTime=-1167791627), TYPES.Target(tid=1310906750, coordinates=TYPES.Position(az=-28746124.0, el=-22149460.0), expTime=-536478686), TYPES.Target(tid=-590565449, coordinates=TYPES.Position(az=21545240.0, el=29756142.0), expTime=1270844069), TYPES.Target(tid=-381495645, coordinates=TYPES.Position(az=7888116.0, el=15907225.0), expTime=1966024979), TYPES.Target(tid=-132291246, coordinates=TYPES.Position(az=-1940130.0, el=24306126.0), expTime=-1990356036)), status=-1955211444), TYPES.Proposal(pid=-212145208, targets=(TYPES.Target(tid=1812986391, coordinates=TYPES.Position(az=-11253157.0, el=-15187300.0), expTime=1582834783), TYPES.Target(tid=-1365275149, coordinates=TYPES.Position(az=-14273198.0, el=-18505920.0), expTime=829781931), TYPES.Target(tid=1807603436, coordinates=TYPES.Position(az=-9497116.0, el=31703139.0), expTime=-72391485), TYPES.Target(tid=161390718, coordinates=TYPES.Position(az=-27896140.0, el=-2988128.0), expTime=-814980374), TYPES.Target(tid=600619968, coordinates=TYPES.Position(az=-19934224.0, el=-1696960.0), expTime=671659167), TYPES.Target(tid=-675461711, coordinates=TYPES.Position(az=27280360.0, el=6402154.0), expTime=1365296272), TYPES.Target(tid=27933908, coordinates=TYPES.Position(az=-5358240.0, el=-19445210.0), expTime=1438771421), TYPES.Target(tid=-2102315428, coordinates=TYPES.Position(az=19938100.0, el=9171246.0), expTime=-1283429336), TYPES.Target(tid=1177726862, coordinates=TYPES.Position(az=-3268175.0, el=403142.0), expTime=1120893696), TYPES.Target(tid=1651307557, coordinates=TYPES.Position(az=-21661162.0, el=-16376127.0), expTime=-613319815), TYPES.Target(tid=-925971974, coordinates=TYPES.Position(az=-24061280.0, el=-13597128.0), expTime=55052843), TYPES.Target(tid=-1757482422, coordinates=TYPES.Position(az=-17887760.0, el=-7261210.0), expTime=268122111), TYPES.Target(tid=909930661, coordinates=TYPES.Position(az=-16066202.0, el=-8951246.0), expTime=-104193268), TYPES.Target(tid=366377187, coordinates=TYPES.Position(az=-5539100.0, el=-8154700.0), expTime=-1972443934)), status=1472573911), TYPES.Proposal(pid=1363185335, targets=(TYPES.Target(tid=288384021, coordinates=TYPES.Position(az=-16196224.0, el=-7174250.0), expTime=597173559), TYPES.Target(tid=-441400623, coordinates=TYPES.Position(az=13967191.0, el=23116226.0), expTime=1425980493), TYPES.Target(tid=-2066770011, coordinates=TYPES.Position(az=6712280.0, el=5447155.0), expTime=354922557), TYPES.Target(tid=1593925639, coordinates=TYPES.Position(az=-25559247.0, el=21504122.0), expTime=-1094536622), TYPES.Target(tid=-1302470093, coordinates=TYPES.Position(az=17062173.0, el=-28333240.0), expTime=-233512371)), status=-1458464238), TYPES.Proposal(pid=1787684936, targets=(TYPES.Target(tid=-1559153263, coordinates=TYPES.Position(az=-20320240.0, el=-27120214.0), expTime=1874623506), TYPES.Target(tid=234373020, coordinates=TYPES.Position(az=-10943400.0, el=22262214.0), expTime=-213721199), TYPES.Target(tid=1310153708, coordinates=TYPES.Position(az=3200186.0, el=28130240.0), expTime=-1613806590), TYPES.Target(tid=257863271, coordinates=TYPES.Position(az=-3714220.0, el=23651159.0), expTime=62707658), TYPES.Target(tid=449052177, coordinates=TYPES.Position(az=13922155.0, el=15647181.0), expTime=1293376485), TYPES.Target(tid=-962425342, coordinates=TYPES.Position(az=-6001960.0, el=-15841173.0), expTime=-615254046)), status=-338831818), TYPES.Proposal(pid=63963841, targets=(TYPES.Target(tid=2084582362, coordinates=TYPES.Position(az=15526222.0, el=31982470.0), expTime=569456090), TYPES.Target(tid=-1084896712, coordinates=TYPES.Position(az=-10856217.0, el=-27924290.0), expTime=-756233222), TYPES.Target(tid=-175612923, coordinates=TYPES.Position(az=31912152.0, el=10281111.0), expTime=1619460887), TYPES.Target(tid=-171683116, coordinates=TYPES.Position(az=9135580.0, el=27515110.0), expTime=294154878)), status=1769313947), TYPES.Proposal(pid=-2140208420, targets=(TYPES.Target(tid=1305673853, coordinates=TYPES.Position(az=27369132.0, el=-15442231.0), expTime=-790031361), TYPES.Target(tid=85933885, coordinates=TYPES.Position(az=-26697203.0, el=-28600189.0), expTime=92504009), TYPES.Target(tid=1618278348, coordinates=TYPES.Position(az=5456229.0, el=13328247.0), expTime=-1145521223), TYPES.Target(tid=-968523536, coordinates=TYPES.Position(az=140201.0, el=16897550.0), expTime=-578525025), TYPES.Target(tid=-1957729185, coordinates=TYPES.Position(az=-17302180.0, el=-17725138.0), expTime=-1594571158), TYPES.Target(tid=1144666666, coordinates=TYPES.Position(az=-5149186.0, el=-24867215.0), expTime=9974048), TYPES.Target(tid=1673557233, coordinates=TYPES.Position(az=2904216.0, el=-9839151.0), expTime=-1082709873), TYPES.Target(tid=-837354872, coordinates=TYPES.Position(az=-11973188.0, el=2588530.0), expTime=-1253559146), TYPES.Target(tid=-807014266, coordinates=TYPES.Position(az=-11799206.0, el=-18797134.0), expTime=289273259)), status=-2129084742))], 'Timeout': 0.2, 'Type': 'TypeCodes'}
2025-05-09T08:18:15.142 Servants.Executor logDebug - getProposals return value looks like:(TYPES.Proposal(pid=-726246999, targets=(TYPES.Target(tid=841536315, coordinates=TYPES.Position(az=-30601120.0, el=-31618600.0), expTime=-1006755130), TYPES.Target(tid=831129169, coordinates=TYPES.Position(az=17415920.0, el=16334157.0), expTime=-1530794706), TYPES.Target(tid=-1847935407, coordinates=TYPES.Position(az=17891144.0, el=29625226.0), expTime=1831390800), TYPES.Target(tid=750890101, coordinates=TYPES.Position(az=190111.0, el=-29132490.0), expTime=-1621869962), TYPES.Target(tid=1811351947, coordinates=TYPES.Position(az=-7467630.0, el=15177244.0), expTime=-1605067024), TYPES.Target(tid=1694289665, coordinates=TYPES.Position(az=-918113.0, el=-11391133.0), expTime=-1167791627), TYPES.Target(tid=1310906750, coordinates=TYPES.Position(az=-28746124.0, el=-22149460.0), expTime=-536478686), TYPES.Target(tid=-590565449, coordinates=TYPES.Position(az=21545240.0, el=29756142.0), expTime=1270844069), TYPES.Target(tid=-381495645, coordinates=TYPES.Position(az=7888116.0, el=15907225.0), expTime=1966024979), TYPES.Target(tid=-132291246, coordinates=TYPES.Position(az=-1940130.0, el=24306126.0), expTime=-1990356036)), status=-1955211444), TYPES.Proposal(pid=-212145208, targets=(TYPES.Target(tid=1812986391, coordinates=TYPES.Position(az=-11253157.0, el=-15187300.0), expTime=1582834783), TYPES.Target(tid=-1365275149, coordinates=TYPES.Position(az=-14273198.0, el=-18505920.0), expTime=829781931), TYPES.Target(tid=1807603436, coordinates=TYPES.Position(az=-9497116.0, el=31703139.0), expTime=-72391485), TYPES.Target(tid=161390718, coordinates=TYPES.Position(az=-27896140.0, el=-2988128.0), expTime=-814980374), TYPES.Target(tid=600619968, coordinates=TYPES.Position(az=-19934224.0, el=-1696960.0), expTime=671659167), TYPES.Target(tid=-675461711, coordinates=TYPES.Position(az=27280360.0, el=6402154.0), expTime=1365296272), TYPES.Target(tid=27933908, coordinates=TYPES.Position(az=-5358240.0, el=-19445210.0), expTime=1438771421), TYPES.Target(tid=-2102315428, coordinates=TYPES.Position(az=19938100.0, el=9171246.0), expTime=-1283429336), TYPES.Target(tid=1177726862, coordinates=TYPES.Position(az=-3268175.0, el=403142.0), expTime=1120893696), TYPES.Target(tid=1651307557, coordinates=TYPES.Position(az=-21661162.0, el=-16376127.0), expTime=-613319815), TYPES.Target(tid=-925971974, coordinates=TYPES.Position(az=-24061280.0, el=-13597128.0), expTime=55052843), TYPES.Target(tid=-1757482422, coordinates=TYPES.Position(az=-17887760.0, el=-7261210.0), expTime=268122111), TYPES.Target(tid=909930661, coordinates=TYPES.Position(az=-16066202.0, el=-8951246.0), expTime=-104193268), TYPES.Target(tid=366377187, coordinates=TYPES.Position(az=-5539100.0, el=-8154700.0), expTime=-1972443934)), status=1472573911), TYPES.Proposal(pid=1363185335, targets=(TYPES.Target(tid=288384021, coordinates=TYPES.Position(az=-16196224.0, el=-7174250.0), expTime=597173559), TYPES.Target(tid=-441400623, coordinates=TYPES.Position(az=13967191.0, el=23116226.0), expTime=1425980493), TYPES.Target(tid=-2066770011, coordinates=TYPES.Position(az=6712280.0, el=5447155.0), expTime=354922557), TYPES.Target(tid=1593925639, coordinates=TYPES.Position(az=-25559247.0, el=21504122.0), expTime=-1094536622), TYPES.Target(tid=-1302470093, coordinates=TYPES.Position(az=17062173.0, el=-28333240.0), expTime=-233512371)), status=-1458464238), TYPES.Proposal(pid=1787684936, targets=(TYPES.Target(tid=-1559153263, coordinates=TYPES.Position(az=-20320240.0, el=-27120214.0), expTime=1874623506), TYPES.Target(tid=234373020, coordinates=TYPES.Position(az=-10943400.0, el=22262214.0), expTime=-213721199), TYPES.Target(tid=1310153708, coordinates=TYPES.Position(az=3200186.0, el=28130240.0), expTime=-1613806590), TYPES.Target(tid=257863271, coordinates=TYPES.Position(az=-3714220.0, el=23651159.0), expTime=62707658), TYPES.Target(tid=449052177, coordinates=TYPES.Position(az=13922155.0, el=15647181.0), expTime=1293376485), TYPES.Target(tid=-962425342, coordinates=TYPES.Position(az=-6001960.0, el=-15841173.0), expTime=-615254046)), status=-338831818), TYPES.Proposal(pid=63963841, targets=(TYPES.Target(tid=2084582362, coordinates=TYPES.Position(az=15526222.0, el=31982470.0), expTime=569456090), TYPES.Target(tid=-1084896712, coordinates=TYPES.Position(az=-10856217.0, el=-27924290.0), expTime=-756233222), TYPES.Target(tid=-175612923, coordinates=TYPES.Position(az=31912152.0, el=10281111.0), expTime=1619460887), TYPES.Target(tid=-171683116, coordinates=TYPES.Position(az=9135580.0, el=27515110.0), expTime=294154878)), status=1769313947), TYPES.Proposal(pid=-2140208420, targets=(TYPES.Target(tid=1305673853, coordinates=TYPES.Position(az=27369132.0, el=-15442231.0), expTime=-790031361), TYPES.Target(tid=85933885, coordinates=TYPES.Position(az=-26697203.0, el=-28600189.0), expTime=92504009), TYPES.Target(tid=1618278348, coordinates=TYPES.Position(az=5456229.0, el=13328247.0), expTime=-1145521223), TYPES.Target(tid=-968523536, coordinates=TYPES.Position(az=140201.0, el=16897550.0), expTime=-578525025), TYPES.Target(tid=-1957729185, coordinates=TYPES.Position(az=-17302180.0, el=-17725138.0), expTime=-1594571158), TYPES.Target(tid=1144666666, coordinates=TYPES.Position(az=-5149186.0, el=-24867215.0), expTime=9974048), TYPES.Target(tid=1673557233, coordinates=TYPES.Position(az=2904216.0, el=-9839151.0), expTime=-1082709873), TYPES.Target(tid=-837354872, coordinates=TYPES.Position(az=-11973188.0, el=2588530.0), expTime=-1253559146), TYPES.Target(tid=-807014266, coordinates=TYPES.Position(az=-11799206.0, el=-18797134.0), expTime=289273259)), status=-2129084742)) of type:<class 'tuple'>
2025-05-09T08:22:02.779 pySimContainer logDelouse - The container is asking the clearance to deactivate DATABASE_S
2025-05-09T08:22:02.779 pySimContainer logDelouse - The container is not dealing with DATABASE_S: the operation can go ahead
2025-05-09T08:22:02.780 pySimContainer logDelouse - The container has been cleared to activate DATABASE_S
2025-05-09T08:22:02.780 pySimContainer logInfo - Deactivating component: DATABASE_S
2025-05-09T08:22:02.781 Servants.Representations.Dynamic.Dynamic'>(DATABASE_S) logDebug - Simulated lifecyle method
2025-05-09T08:22:02.781 Servants.Executor logDebug - cleanUp return value looks like:None of type:<class 'NoneType'>
2025-05-09T08:22:02.782 pySimContainer logDelouse - The container terminated the deactivation of DATABASE_S: awakening waiting threads
2025-05-09T08:22:02.782 pySimContainer logDelouse - The container terminated dealing with DATABASE_S
2025-05-09T08:22:53.734 pySimContainer logDelouse - Starting async activation of SCHEDULER_S(type IDL:acsws/SCHEDULER_MODULE/Scheduler:1.0)
2025-05-09T08:22:53.736 pySimContainer logDebug - Activating SCHEDULER_S (type IDL:acsws/SCHEDULER_MODULE/Scheduler:1.0)
2025-05-09T08:22:53.738 pySimContainer logDelouse - The container is asking the clearance to activate SCHEDULER_S
2025-05-09T08:22:53.738 pySimContainer logDelouse - The container is not dealing with SCHEDULER_S: the operation can go ahead
2025-05-09T08:22:53.739 pySimContainer logDelouse - The container has been cleared to activate SCHEDULER_S
2025-05-09T08:22:53.740 loggingts -- Successfully loaded component code. [ logName=LOG_CompAct_Loading_OK TimeMillis=0 CompName=SCHEDULER_S ]
2025-05-09T08:22:53.747 loggingts -- Successfully instantiated component. [ logName=LOG_CompAct_Instance_OK TimeMillis=5 CompName=SCHEDULER_S ]
2025-05-09T08:22:53.771 Servants.Representations.Dynamic.Dynamic'>(SCHEDULER_S) logDebug - Simulated lifecyle method
2025-05-09T08:22:53.772 Servants.Executor logDebug - initialize return value looks like:None of type:<class 'NoneType'>
2025-05-09T08:22:53.773 EventDispatcher (SCHEDULER_S) logInfo - Setting up event dispatching.
2025-05-09T08:22:53.775 EventDispatcher (SCHEDULER_S) logDebug - No CDB entry found. Bailing.
2025-05-09T08:22:53.779 loggingts -- Successfully activated component with Corba. [ logName=LOG_CompAct_Corba_OK TimeMillis=0 CompName=SCHEDULER_S ]
2025-05-09T08:22:53.780 loggingts -- Successfully initialized component. [ logName=LOG_CompAct_Init_OK TimeMillis=0 CompName=SCHEDULER_S ]
2025-05-09T08:22:53.781 pySimContainer logInfo - Activated component: SCHEDULER_S
2025-05-09T08:22:53.795 pySimContainer logInfo - Component 'SCHEDULER_S' has KeepAliveTime '0'.
2025-05-09T08:22:53.796 pySimContainer logDelouse - The container terminated the activation of SCHEDULER_S: awakening waiting threads
2025-05-09T08:22:53.797 pySimContainer logDelouse - The container terminated dealing with SCHEDULER_S
2025-05-09T08:22:53.798 pySimContainer logDelouse - Calling maci::CBComponentInfo::done with descOut.id_tag = 2 for 'SCHEDULER_S'
2025-05-09T08:22:53.801 pySimContainer logDelouse - Call to maci::CBComponentInfo::done with descOut.id_tag = 2 for 'SCHEDULER_S' completed
2025-05-09T08:22:53.806 pySimContainer logDelouse - Starting async activation of INSTRUMENT_S(type IDL:acsws/INSTRUMENT_MODULE/Instrument:1.0)
2025-05-09T08:22:53.807 pySimContainer logDebug - Activating INSTRUMENT_S (type IDL:acsws/INSTRUMENT_MODULE/Instrument:1.0)
2025-05-09T08:22:53.808 pySimContainer logDelouse - The container is asking the clearance to activate INSTRUMENT_S
2025-05-09T08:22:53.809 pySimContainer logDelouse - The container is not dealing with INSTRUMENT_S: the operation can go ahead
2025-05-09T08:22:53.809 pySimContainer logDelouse - The container has been cleared to activate INSTRUMENT_S
2025-05-09T08:22:53.810 loggingts -- Successfully loaded component code. [ logName=LOG_CompAct_Loading_OK TimeMillis=0 CompName=INSTRUMENT_S ]
2025-05-09T08:22:53.818 loggingts -- Successfully instantiated component. [ logName=LOG_CompAct_Instance_OK TimeMillis=6 CompName=INSTRUMENT_S ]
2025-05-09T08:22:53.846 Servants.Representations.Dynamic.Dynamic'>(INSTRUMENT_S) logDebug - Simulated lifecyle method
2025-05-09T08:22:53.847 Servants.Executor logDebug - initialize return value looks like:None of type:<class 'NoneType'>
2025-05-09T08:22:53.848 EventDispatcher (INSTRUMENT_S) logInfo - Setting up event dispatching.
2025-05-09T08:22:53.849 EventDispatcher (INSTRUMENT_S) logDebug - No CDB entry found. Bailing.
2025-05-09T08:22:53.854 loggingts -- Successfully activated component with Corba. [ logName=LOG_CompAct_Corba_OK TimeMillis=0 CompName=INSTRUMENT_S ]
2025-05-09T08:22:53.854 loggingts -- Successfully initialized component. [ logName=LOG_CompAct_Init_OK TimeMillis=0 CompName=INSTRUMENT_S ]
2025-05-09T08:22:53.855 pySimContainer logInfo - Activated component: INSTRUMENT_S
2025-05-09T08:22:53.865 pySimContainer logInfo - Component 'INSTRUMENT_S' has KeepAliveTime '0'.
2025-05-09T08:22:53.868 pySimContainer logDelouse - The container terminated the activation of INSTRUMENT_S: awakening waiting threads
2025-05-09T08:22:53.869 pySimContainer logDelouse - The container terminated dealing with INSTRUMENT_S
2025-05-09T08:22:53.870 pySimContainer logDelouse - Calling maci::CBComponentInfo::done with descOut.id_tag = 3 for 'INSTRUMENT_S'
2025-05-09T08:22:53.873 pySimContainer logDelouse - Call to maci::CBComponentInfo::done with descOut.id_tag = 3 for 'INSTRUMENT_S' completed
2025-05-09T08:22:53.881 pySimContainer logDelouse - Starting async activation of TELESCOPE_S(type IDL:acsws/TELESCOPE_MODULE/Telescope:1.0)
2025-05-09T08:22:53.882 pySimContainer logDebug - Activating TELESCOPE_S (type IDL:acsws/TELESCOPE_MODULE/Telescope:1.0)
2025-05-09T08:22:53.882 pySimContainer logDelouse - The container is asking the clearance to activate TELESCOPE_S
2025-05-09T08:22:53.883 pySimContainer logDelouse - The container is not dealing with TELESCOPE_S: the operation can go ahead
2025-05-09T08:22:53.884 pySimContainer logDelouse - The container has been cleared to activate TELESCOPE_S
2025-05-09T08:22:53.885 loggingts -- Successfully loaded component code. [ logName=LOG_CompAct_Loading_OK TimeMillis=0 CompName=TELESCOPE_S ]
2025-05-09T08:22:53.894 loggingts -- Successfully instantiated component. [ logName=LOG_CompAct_Instance_OK TimeMillis=6 CompName=TELESCOPE_S ]
2025-05-09T08:22:53.920 Servants.Representations.Dynamic.Dynamic'>(TELESCOPE_S) logDebug - Simulated lifecyle method
2025-05-09T08:22:53.922 Servants.Executor logDebug - initialize return value looks like:None of type:<class 'NoneType'>
2025-05-09T08:22:53.922 EventDispatcher (TELESCOPE_S) logInfo - Setting up event dispatching.
2025-05-09T08:22:53.924 EventDispatcher (TELESCOPE_S) logDebug - No CDB entry found. Bailing.
2025-05-09T08:22:53.928 loggingts -- Successfully activated component with Corba. [ logName=LOG_CompAct_Corba_OK TimeMillis=0 CompName=TELESCOPE_S ]
2025-05-09T08:22:53.928 loggingts -- Successfully initialized component. [ logName=LOG_CompAct_Init_OK TimeMillis=0 CompName=TELESCOPE_S ]
2025-05-09T08:22:53.929 pySimContainer logInfo - Activated component: TELESCOPE_S
2025-05-09T08:22:53.939 pySimContainer logInfo - Component 'TELESCOPE_S' has KeepAliveTime '0'.
2025-05-09T08:22:53.940 pySimContainer logDelouse - The container terminated the activation of TELESCOPE_S: awakening waiting threads
2025-05-09T08:22:53.941 pySimContainer logDelouse - The container terminated dealing with TELESCOPE_S
2025-05-09T08:22:53.942 pySimContainer logDelouse - Calling maci::CBComponentInfo::done with descOut.id_tag = 4 for 'TELESCOPE_S'
2025-05-09T08:22:53.943 pySimContainer logDelouse - Call to maci::CBComponentInfo::done with descOut.id_tag = 4 for 'TELESCOPE_S' completed
2025-05-09T08:23:03.792 Servants.Representations.Dynamic.Dynamic'>(TELESCOPE_S) logDebug - Method:getCurrentPosition
2025-05-09T08:23:03.795 Servants.Representations.Dynamic.Dynamic'>(TELESCOPE_S) logDebug - retVal looks like:getCurrentPosition {'Value': [TYPES.Position(az=11707103.0, el=28069600.0)], 'Timeout': 0.2, 'Type': 'TypeCodes'}
2025-05-09T08:23:03.996 Servants.Executor logDebug - getCurrentPosition return value looks like:TYPES.Position(az=11707103.0, el=28069600.0) of type:<class 'TYPES.Position'>
